<?xml version="1.0" encoding="UTF-8"?>
<testng-results skipped="0" failed="1" ignored="0" total="2" passed="1">
  <reporter-output>
  </reporter-output>
  <suite name="Admin test suite" duration-ms="44197" started-at="2019-03-29T06:08:58Z" finished-at="2019-03-29T06:09:42Z">
    <groups>
    </groups>
    <test name="Chrome Tests" duration-ms="44197" started-at="2019-03-29T06:08:58Z" finished-at="2019-03-29T06:09:42Z">
      <class name="com.ieasy.tests.PrivateCarTest">
        <test-method status="PASS" signature="initializeTestBaseSetup(java.lang.String, java.lang.String, org.testng.ITestContext)[pri:0, instance:com.ieasy.tests.PrivateCarTest@2d6eabae]" name="initializeTestBaseSetup" is-config="true" duration-ms="14398" started-at="2019-03-29T06:08:58Z" finished-at="2019-03-29T06:09:12Z">
          <params>
            <param index="0">
              <value>
                <![CDATA[chrome]]>
              </value>
            </param>
            <param index="1">
              <value>
                <![CDATA[https://beta.insureeasy.in]]>
              </value>
            </param>
            <param index="2">
              <value>
                <![CDATA[org.testng.TestRunner@7927bd9f]]>
              </value>
            </param>
          </params>
          <reporter-output>
          </reporter-output>
        </test-method> <!-- initializeTestBaseSetup -->
        <test-method status="PASS" signature="setUp()[pri:0, instance:com.ieasy.tests.PrivateCarTest@2d6eabae]" name="setUp" is-config="true" duration-ms="1054" started-at="2019-03-29T06:09:13Z" finished-at="2019-03-29T06:09:14Z">
          <reporter-output>
          </reporter-output>
        </test-method> <!-- setUp -->
        <test-method status="PASS" signature="testPrivateCar(com.ieasy.tests.PrivateCarPOJO)[pri:0, instance:com.ieasy.tests.PrivateCarTest@2d6eabae]" name="testPrivateCar" duration-ms="2387" started-at="2019-03-29T06:09:18Z" data-provider="insuranceData" finished-at="2019-03-29T06:09:21Z">
          <params>
            <param index="0">
              <value>
                <![CDATA[com.ieasy.tests.PrivateCarPOJO@b5cc23a]]>
              </value>
            </param>
          </params>
          <reporter-output>
          </reporter-output>
        </test-method> <!-- testPrivateCar -->
        <test-method status="FAIL" signature="testPrivateCar(com.ieasy.tests.PrivateCarPOJO)[pri:0, instance:com.ieasy.tests.PrivateCarTest@2d6eabae]" name="testPrivateCar" duration-ms="20169" started-at="2019-03-29T06:09:21Z" data-provider="insuranceData" finished-at="2019-03-29T06:09:41Z">
          <params>
            <param index="0">
              <value is-null="true"/>
            </param>
          </params>
          <exception class="org.openqa.selenium.TimeoutException">
            <message>
              <![CDATA[Expected condition failed: waiting for presence of element located by: By.cssSelector: h1.title (tried for 20 second(s) with 500 milliseconds interval)]]>
            </message>
            <full-stacktrace>
              <![CDATA[org.openqa.selenium.TimeoutException: Expected condition failed: waiting for presence of element located by: By.cssSelector: h1.title (tried for 20 second(s) with 500 milliseconds interval)
at org.openqa.selenium.support.ui.WebDriverWait.timeoutException(WebDriverWait.java:113)
at org.openqa.selenium.support.ui.FluentWait.until(FluentWait.java:283)
at com.ieasy.pageobjects.HomePage.clickPrivateCar(HomePage.java:26)
at com.ieasy.tests.PrivateCarTest.testPrivateCar(PrivateCarTest.java:108)
at sun.reflect.NativeMethodAccessorImpl.invoke0(Native Method)
at sun.reflect.NativeMethodAccessorImpl.invoke(NativeMethodAccessorImpl.java:62)
at sun.reflect.DelegatingMethodAccessorImpl.invoke(DelegatingMethodAccessorImpl.java:43)
at java.lang.reflect.Method.invoke(Method.java:498)
at org.testng.internal.MethodInvocationHelper.invokeMethod(MethodInvocationHelper.java:124)
at org.testng.internal.Invoker.invokeMethod(Invoker.java:583)
at org.testng.internal.Invoker.invokeTestMethod(Invoker.java:719)
at org.testng.internal.Invoker.invokeTestMethods(Invoker.java:989)
at org.testng.internal.TestMethodWorker.invokeTestMethods(TestMethodWorker.java:125)
at org.testng.internal.TestMethodWorker.run(TestMethodWorker.java:109)
at org.testng.TestRunner.privateRun(TestRunner.java:648)
at org.testng.TestRunner.run(TestRunner.java:505)
at org.testng.SuiteRunner.runTest(SuiteRunner.java:455)
at org.testng.SuiteRunner.runSequentially(SuiteRunner.java:450)
at org.testng.SuiteRunner.privateRun(SuiteRunner.java:415)
at org.testng.SuiteRunner.run(SuiteRunner.java:364)
at org.testng.SuiteRunnerWorker.runSuite(SuiteRunnerWorker.java:52)
at org.testng.SuiteRunnerWorker.run(SuiteRunnerWorker.java:84)
at org.testng.TestNG.runSuitesSequentially(TestNG.java:1208)
at org.testng.TestNG.runSuitesLocally(TestNG.java:1137)
at org.testng.TestNG.runSuites(TestNG.java:1049)
at org.testng.TestNG.run(TestNG.java:1017)
at org.apache.maven.surefire.testng.TestNGExecutor.run(TestNGExecutor.java:283)
at org.apache.maven.surefire.testng.TestNGXmlTestSuite.execute(TestNGXmlTestSuite.java:75)
at org.apache.maven.surefire.testng.TestNGProvider.invoke(TestNGProvider.java:120)
at org.apache.maven.surefire.booter.ForkedBooter.invokeProviderInSameClassLoader(ForkedBooter.java:384)
at org.apache.maven.surefire.booter.ForkedBooter.runSuitesInProcess(ForkedBooter.java:345)
at org.apache.maven.surefire.booter.ForkedBooter.execute(ForkedBooter.java:126)
at org.apache.maven.surefire.booter.ForkedBooter.main(ForkedBooter.java:418)
Caused by: org.openqa.selenium.NoSuchElementException: Cannot locate an element using By.cssSelector: h1.title
For documentation on this error, please visit: http://seleniumhq.org/exceptions/no_such_element.html
Build info: version: '3.14.0', revision: 'aacccce0', time: '2018-08-02T20:19:58.91Z'
System info: host: 'NIRANJAN-REDDY', ip: '192.168.200.92', os.name: 'Windows 7', os.arch: 'amd64', os.version: '6.1', java.version: '1.8.0_201'
Driver info: driver.version: unknown
at org.openqa.selenium.support.ui.ExpectedConditions.lambda$findElement$0(ExpectedConditions.java:896)
at java.util.Optional.orElseThrow(Optional.java:290)
at org.openqa.selenium.support.ui.ExpectedConditions.findElement(ExpectedConditions.java:895)
at org.openqa.selenium.support.ui.ExpectedConditions.access$000(ExpectedConditions.java:44)
at org.openqa.selenium.support.ui.ExpectedConditions$6.apply(ExpectedConditions.java:183)
at org.openqa.selenium.support.ui.ExpectedConditions$6.apply(ExpectedConditions.java:180)
at org.openqa.selenium.support.ui.FluentWait.until(FluentWait.java:260)
... 31 more
]]>
            </full-stacktrace>
          </exception> <!-- org.openqa.selenium.TimeoutException -->
          <reporter-output>
          </reporter-output>
        </test-method> <!-- testPrivateCar -->
        <test-method status="PASS" signature="tearDown()[pri:0, instance:com.ieasy.tests.PrivateCarTest@2d6eabae]" name="tearDown" is-config="true" duration-ms="1325" started-at="2019-03-29T06:09:41Z" finished-at="2019-03-29T06:09:42Z">
          <reporter-output>
          </reporter-output>
        </test-method> <!-- tearDown -->
      </class> <!-- com.ieasy.tests.PrivateCarTest -->
    </test> <!-- Chrome Tests -->
  </suite> <!-- Admin test suite -->
</testng-results>
