<?xml version="1.0" encoding="UTF-8"?>
<testng-results skipped="0" failed="1" ignored="0" total="1" passed="0">
  <reporter-output>
  </reporter-output>
  <suite name="Enrollment test suite" duration-ms="82460" started-at="2020-03-09T12:36:54Z" finished-at="2020-03-09T12:38:17Z">
    <groups>
    </groups>
    <test name="Chrome Tests" duration-ms="82460" started-at="2020-03-09T12:36:54Z" finished-at="2020-03-09T12:38:17Z">
      <class name="com.ienroll.tests.DCB">
        <test-method status="PASS" signature="initializeTestBaseSetup(java.lang.String, java.lang.String, org.testng.ITestContext)[pri:0, instance:com.ienroll.tests.DCB@68e965f5]" name="initializeTestBaseSetup" is-config="true" duration-ms="32300" started-at="2020-03-09T12:36:54Z" finished-at="2020-03-09T12:37:27Z">
          <params>
            <param index="0">
              <value>
                <![CDATA[chrome]]>
              </value>
            </param>
            <param index="1">
              <value>
                <![CDATA[http://dev.isbsindia.in/ienroll_iirm/Stage]]>
              </value>
            </param>
            <param index="2">
              <value>
                <![CDATA[org.testng.TestRunner@53f4c1e6]]>
              </value>
            </param>
          </params>
          <reporter-output>
          </reporter-output>
        </test-method> <!-- initializeTestBaseSetup -->
        <test-method status="PASS" signature="setUp()[pri:0, instance:com.ienroll.tests.DCB@68e965f5]" name="setUp" is-config="true" duration-ms="297" started-at="2020-03-09T12:37:27Z" finished-at="2020-03-09T12:37:27Z">
          <reporter-output>
          </reporter-output>
        </test-method> <!-- setUp -->
        <test-method status="FAIL" signature="dcbPortal(com.ienroll.tests.DCBPOJO)[pri:0, instance:com.ienroll.tests.DCB@68e965f5]" name="dcbPortal" duration-ms="39691" started-at="2020-03-09T12:37:35Z" data-provider="DCBData" finished-at="2020-03-09T12:38:15Z">
          <params>
            <param index="0">
              <value>
                <![CDATA[com.ienroll.tests.DCBPOJO@23eee4b8]]>
              </value>
            </param>
          </params>
          <exception class="java.lang.AssertionError">
            <message>
              <![CDATA[The following asserts failed:
Actual premium value not matching for 2 lac topup SI expected [11090] but found [Rs. 11,090.00],
Actual total premium value including GST not matching for 2 lac topup SI expected [13086] but found [Rs. 13,086.00],
Actual premium value not matching for 3 lac topup SI expected [13047] but found [Rs. 13,047.00],
Actual total premium value including GST not matching for 3 lac topup SI expected [15395] but found [Rs. 15,395.00],
Actual premium value not matching for 4 lac topup SI expected [14407] but found [Rs. 14,407.00],
Actual total premium value including GST not matching for 4 lac topup SI expected [17000] but found [Rs. 17,000.00],
PIL Premium not matching expected [8500] but found [Rs. 8,500.00],
Total Premium payable not matching expected [10030] but found [Rs. 10,030.00],
PIL TopUp Premium not matching expected [null] but found [Rs. 8,500.00],
Total Premium payable not matching expected [null] but found [Rs. 20,060.00]]]>
            </message>
            <full-stacktrace>
              <![CDATA[java.lang.AssertionError: The following asserts failed:
Actual premium value not matching for 2 lac topup SI expected [11090] but found [Rs. 11,090.00],
Actual total premium value including GST not matching for 2 lac topup SI expected [13086] but found [Rs. 13,086.00],
Actual premium value not matching for 3 lac topup SI expected [13047] but found [Rs. 13,047.00],
Actual total premium value including GST not matching for 3 lac topup SI expected [15395] but found [Rs. 15,395.00],
Actual premium value not matching for 4 lac topup SI expected [14407] but found [Rs. 14,407.00],
Actual total premium value including GST not matching for 4 lac topup SI expected [17000] but found [Rs. 17,000.00],
PIL Premium not matching expected [8500] but found [Rs. 8,500.00],
Total Premium payable not matching expected [10030] but found [Rs. 10,030.00],
PIL TopUp Premium not matching expected [null] but found [Rs. 8,500.00],
Total Premium payable not matching expected [null] but found [Rs. 20,060.00]
at org.testng.asserts.SoftAssert.assertAll(SoftAssert.java:43)
at com.ienroll.tests.DCB.dcbPortal(DCB.java:245)
at sun.reflect.NativeMethodAccessorImpl.invoke0(Native Method)
at sun.reflect.NativeMethodAccessorImpl.invoke(Unknown Source)
at sun.reflect.DelegatingMethodAccessorImpl.invoke(Unknown Source)
at java.lang.reflect.Method.invoke(Unknown Source)
at org.testng.internal.MethodInvocationHelper.invokeMethod(MethodInvocationHelper.java:124)
at org.testng.internal.Invoker.invokeMethod(Invoker.java:583)
at org.testng.internal.Invoker.invokeTestMethod(Invoker.java:719)
at org.testng.internal.Invoker.invokeTestMethods(Invoker.java:989)
at org.testng.internal.TestMethodWorker.invokeTestMethods(TestMethodWorker.java:125)
at org.testng.internal.TestMethodWorker.run(TestMethodWorker.java:109)
at org.testng.TestRunner.privateRun(TestRunner.java:648)
at org.testng.TestRunner.run(TestRunner.java:505)
at org.testng.SuiteRunner.runTest(SuiteRunner.java:455)
at org.testng.SuiteRunner.runSequentially(SuiteRunner.java:450)
at org.testng.SuiteRunner.privateRun(SuiteRunner.java:415)
at org.testng.SuiteRunner.run(SuiteRunner.java:364)
at org.testng.SuiteRunnerWorker.runSuite(SuiteRunnerWorker.java:52)
at org.testng.SuiteRunnerWorker.run(SuiteRunnerWorker.java:84)
at org.testng.TestNG.runSuitesSequentially(TestNG.java:1208)
at org.testng.TestNG.runSuitesLocally(TestNG.java:1137)
at org.testng.TestNG.runSuites(TestNG.java:1049)
at org.testng.TestNG.run(TestNG.java:1017)
at org.testng.remote.AbstractRemoteTestNG.run(AbstractRemoteTestNG.java:115)
at org.testng.remote.RemoteTestNG.initAndRun(RemoteTestNG.java:251)
at org.testng.remote.RemoteTestNG.main(RemoteTestNG.java:77)
]]>
            </full-stacktrace>
          </exception> <!-- java.lang.AssertionError -->
          <reporter-output>
          </reporter-output>
        </test-method> <!-- dcbPortal -->
        <test-method status="PASS" signature="testTearDown()[pri:0, instance:com.ienroll.tests.DCB@68e965f5]" name="testTearDown" is-config="true" duration-ms="180" started-at="2020-03-09T12:38:15Z" finished-at="2020-03-09T12:38:15Z">
          <reporter-output>
          </reporter-output>
        </test-method> <!-- testTearDown -->
        <test-method status="PASS" signature="tearDown()[pri:0, instance:com.ienroll.tests.DCB@68e965f5]" name="tearDown" is-config="true" duration-ms="1221" started-at="2020-03-09T12:38:15Z" finished-at="2020-03-09T12:38:17Z">
          <reporter-output>
          </reporter-output>
        </test-method> <!-- tearDown -->
      </class> <!-- com.ienroll.tests.DCB -->
    </test> <!-- Chrome Tests -->
  </suite> <!-- Enrollment test suite -->
</testng-results>
