<?xml version="1.0" encoding="UTF-8"?>
<!-- Generated by org.testng.reporters.JUnitReportReporter -->
<testsuite skipped="0" hostname="niranjan-reddy" name="com.ieasy.tests.DpIndividualPlan" tests="11" failures="11" timestamp="24 Jul 2019 10:01:53 GMT" time="2185.840" errors="0">
  <testcase name="diamondPlanIndividual" time="220.511" classname="com.ieasy.tests.DpIndividualPlan">
    <failure type="java.lang.AssertionError" message="The following asserts failed:
	Actual premium value not matching with expected expected [4106] but found [6124],
	Actual premium value not matching for 4 lac with expected expected [4794] but found [7115],
	Actual premium value not matching for 5 lac with expected expected [6923] but found [10416],
	Actual premium value not matching for 7 lac with expected expected [7819] but found [11693],
	Actual premium value not matching for 10 lac with expected expected [8673] but found [12906],
	Actual premium value not matching for 15 lac with expected expected [11728] but found [19140],
	Actual premium value not matching for 20 lac with expected expected [12381] but found [20133],
	Actual premium value not matching for 25 lac with expected expected [13020] but found [20987],
	Actual premium value not matching for 30 lac with expected expected [14831] but found [23867],
	Actual premium value not matching for 40 lac with expected expected [18279] but found [29278],
	Actual premium value not matching for 50 lac with expected expected [20019] but found [36008],
	Actual premium value not matching for 75 lac with expected expected [22239] but found [40002],
	Actual premium value not matching for 100 lac with expected expected [24459] but found [43995],
	Actual premium value not matching for 150 lac with expected expected [26410] but found [47503],
	Actual premium value not matching for 200 lac with expected expected [29629] but found [53294]">
      <![CDATA[java.lang.AssertionError: The following asserts failed:
Actual premium value not matching with expected expected [4106] but found [6124],
Actual premium value not matching for 4 lac with expected expected [4794] but found [7115],
Actual premium value not matching for 5 lac with expected expected [6923] but found [10416],
Actual premium value not matching for 7 lac with expected expected [7819] but found [11693],
Actual premium value not matching for 10 lac with expected expected [8673] but found [12906],
Actual premium value not matching for 15 lac with expected expected [11728] but found [19140],
Actual premium value not matching for 20 lac with expected expected [12381] but found [20133],
Actual premium value not matching for 25 lac with expected expected [13020] but found [20987],
Actual premium value not matching for 30 lac with expected expected [14831] but found [23867],
Actual premium value not matching for 40 lac with expected expected [18279] but found [29278],
Actual premium value not matching for 50 lac with expected expected [20019] but found [36008],
Actual premium value not matching for 75 lac with expected expected [22239] but found [40002],
Actual premium value not matching for 100 lac with expected expected [24459] but found [43995],
Actual premium value not matching for 150 lac with expected expected [26410] but found [47503],
Actual premium value not matching for 200 lac with expected expected [29629] but found [53294]
at org.testng.asserts.SoftAssert.assertAll(SoftAssert.java:43)
at com.ieasy.tests.DpIndividualPlan.diamondPlanIndividual(DpIndividualPlan.java:357)
at sun.reflect.NativeMethodAccessorImpl.invoke0(Native Method)
at sun.reflect.NativeMethodAccessorImpl.invoke(Unknown Source)
at sun.reflect.DelegatingMethodAccessorImpl.invoke(Unknown Source)
at java.lang.reflect.Method.invoke(Unknown Source)
at org.testng.internal.MethodInvocationHelper.invokeMethod(MethodInvocationHelper.java:124)
at org.testng.internal.Invoker.invokeMethod(Invoker.java:583)
at org.testng.internal.Invoker.invokeTestMethod(Invoker.java:719)
at org.testng.internal.Invoker.invokeTestMethods(Invoker.java:989)
at org.testng.internal.TestMethodWorker.invokeTestMethods(TestMethodWorker.java:125)
at org.testng.internal.TestMethodWorker.run(TestMethodWorker.java:109)
at org.testng.TestRunner.privateRun(TestRunner.java:648)
at org.testng.TestRunner.run(TestRunner.java:505)
at org.testng.SuiteRunner.runTest(SuiteRunner.java:455)
at org.testng.SuiteRunner.runSequentially(SuiteRunner.java:450)
at org.testng.SuiteRunner.privateRun(SuiteRunner.java:415)
at org.testng.SuiteRunner.run(SuiteRunner.java:364)
at org.testng.SuiteRunnerWorker.runSuite(SuiteRunnerWorker.java:52)
at org.testng.SuiteRunnerWorker.run(SuiteRunnerWorker.java:84)
at org.testng.TestNG.runSuitesSequentially(TestNG.java:1208)
at org.testng.TestNG.runSuitesLocally(TestNG.java:1137)
at org.testng.TestNG.runSuites(TestNG.java:1049)
at org.testng.TestNG.run(TestNG.java:1017)
at org.testng.remote.AbstractRemoteTestNG.run(AbstractRemoteTestNG.java:115)
at org.testng.remote.RemoteTestNG.initAndRun(RemoteTestNG.java:251)
at org.testng.remote.RemoteTestNG.main(RemoteTestNG.java:77)
]]>
    </failure>
  </testcase> <!-- diamondPlanIndividual -->
  <testcase name="diamondPlanIndividual" time="144.738" classname="com.ieasy.tests.DpIndividualPlan">
    <failure type="java.lang.AssertionError" message="The following asserts failed:
	Actual premium value not matching with expected expected [19307] but found [32716],
	Actual premium value not matching for 4 lac with expected expected [22989] but found [38922],
	Actual premium value not matching for 5 lac with expected expected [32763] but found [55490],
	Actual premium value not matching for 7 lac with expected expected [38009] but found [64396],
	Actual premium value not matching for 10 lac with expected expected [42892] but found [73215],
	Actual premium value not matching for 15 lac with expected expected [51057] but found [87444],
	Actual premium value not matching for 20 lac with expected expected [54769] but found [93743],
	Actual premium value not matching for 25 lac with expected expected [58521] but found [99334],
	Actual premium value not matching for 30 lac with expected expected [68655] but found [117024],
	Actual premium value not matching for 40 lac with expected expected [87377] but found [149080],
	Actual premium value not matching for 50 lac with expected expected [101147] but found [175755],
	Actual premium value not matching for 75 lac with expected expected [112369] but found [195253],
	Actual premium value not matching for 100 lac with expected expected [123590] but found [214752],
	Actual premium value not matching for 150 lac with expected expected [133445] but found [231877],
	Actual premium value not matching for 200 lac with expected expected [149708] but found [260136]">
      <![CDATA[java.lang.AssertionError: The following asserts failed:
Actual premium value not matching with expected expected [19307] but found [32716],
Actual premium value not matching for 4 lac with expected expected [22989] but found [38922],
Actual premium value not matching for 5 lac with expected expected [32763] but found [55490],
Actual premium value not matching for 7 lac with expected expected [38009] but found [64396],
Actual premium value not matching for 10 lac with expected expected [42892] but found [73215],
Actual premium value not matching for 15 lac with expected expected [51057] but found [87444],
Actual premium value not matching for 20 lac with expected expected [54769] but found [93743],
Actual premium value not matching for 25 lac with expected expected [58521] but found [99334],
Actual premium value not matching for 30 lac with expected expected [68655] but found [117024],
Actual premium value not matching for 40 lac with expected expected [87377] but found [149080],
Actual premium value not matching for 50 lac with expected expected [101147] but found [175755],
Actual premium value not matching for 75 lac with expected expected [112369] but found [195253],
Actual premium value not matching for 100 lac with expected expected [123590] but found [214752],
Actual premium value not matching for 150 lac with expected expected [133445] but found [231877],
Actual premium value not matching for 200 lac with expected expected [149708] but found [260136]
at org.testng.asserts.SoftAssert.assertAll(SoftAssert.java:43)
at com.ieasy.tests.DpIndividualPlan.diamondPlanIndividual(DpIndividualPlan.java:357)
at sun.reflect.NativeMethodAccessorImpl.invoke0(Native Method)
at sun.reflect.NativeMethodAccessorImpl.invoke(Unknown Source)
at sun.reflect.DelegatingMethodAccessorImpl.invoke(Unknown Source)
at java.lang.reflect.Method.invoke(Unknown Source)
at org.testng.internal.MethodInvocationHelper.invokeMethod(MethodInvocationHelper.java:124)
at org.testng.internal.Invoker.invokeMethod(Invoker.java:583)
at org.testng.internal.Invoker.invokeTestMethod(Invoker.java:719)
at org.testng.internal.Invoker.invokeTestMethods(Invoker.java:989)
at org.testng.internal.TestMethodWorker.invokeTestMethods(TestMethodWorker.java:125)
at org.testng.internal.TestMethodWorker.run(TestMethodWorker.java:109)
at org.testng.TestRunner.privateRun(TestRunner.java:648)
at org.testng.TestRunner.run(TestRunner.java:505)
at org.testng.SuiteRunner.runTest(SuiteRunner.java:455)
at org.testng.SuiteRunner.runSequentially(SuiteRunner.java:450)
at org.testng.SuiteRunner.privateRun(SuiteRunner.java:415)
at org.testng.SuiteRunner.run(SuiteRunner.java:364)
at org.testng.SuiteRunnerWorker.runSuite(SuiteRunnerWorker.java:52)
at org.testng.SuiteRunnerWorker.run(SuiteRunnerWorker.java:84)
at org.testng.TestNG.runSuitesSequentially(TestNG.java:1208)
at org.testng.TestNG.runSuitesLocally(TestNG.java:1137)
at org.testng.TestNG.runSuites(TestNG.java:1049)
at org.testng.TestNG.run(TestNG.java:1017)
at org.testng.remote.AbstractRemoteTestNG.run(AbstractRemoteTestNG.java:115)
at org.testng.remote.RemoteTestNG.initAndRun(RemoteTestNG.java:251)
at org.testng.remote.RemoteTestNG.main(RemoteTestNG.java:77)
]]>
    </failure>
  </testcase> <!-- diamondPlanIndividual -->
  <testcase name="diamondPlanIndividual" time="219.658" classname="com.ieasy.tests.DpIndividualPlan">
    <failure type="java.lang.AssertionError" message="The following asserts failed:
	Actual premium value not matching with expected expected [3777] but found [5571],
	Actual premium value not matching for 4 lac with expected expected [4400] but found [6472],
	Actual premium value not matching for 5 lac with expected expected [6366] but found [9513],
	Actual premium value not matching for 7 lac with expected expected [7171] but found [10641],
	Actual premium value not matching for 10 lac with expected expected [7938] but found [11944],
	Actual premium value not matching for 15 lac with expected expected [10858] but found [17692],
	Actual premium value not matching for 20 lac with expected expected [11450] but found [18587],
	Actual premium value not matching for 25 lac with expected expected [12025] but found [19346],
	Actual premium value not matching for 30 lac with expected expected [13655] but found [21903],
	Actual premium value not matching for 40 lac with expected expected [16789] but found [26782],
	Actual premium value not matching for 50 lac with expected expected [18015] but found [28738],
	Actual premium value not matching for 75 lac with expected expected [20014] but found [31926],
	Actual premium value not matching for 100 lac with expected expected [22012] but found [35114],
	Actual premium value not matching for 150 lac with expected expected [23768] but found [37915],
	Actual premium value not matching for 200 lac with expected expected [26664] but found [42537]">
      <![CDATA[java.lang.AssertionError: The following asserts failed:
Actual premium value not matching with expected expected [3777] but found [5571],
Actual premium value not matching for 4 lac with expected expected [4400] but found [6472],
Actual premium value not matching for 5 lac with expected expected [6366] but found [9513],
Actual premium value not matching for 7 lac with expected expected [7171] but found [10641],
Actual premium value not matching for 10 lac with expected expected [7938] but found [11944],
Actual premium value not matching for 15 lac with expected expected [10858] but found [17692],
Actual premium value not matching for 20 lac with expected expected [11450] but found [18587],
Actual premium value not matching for 25 lac with expected expected [12025] but found [19346],
Actual premium value not matching for 30 lac with expected expected [13655] but found [21903],
Actual premium value not matching for 40 lac with expected expected [16789] but found [26782],
Actual premium value not matching for 50 lac with expected expected [18015] but found [28738],
Actual premium value not matching for 75 lac with expected expected [20014] but found [31926],
Actual premium value not matching for 100 lac with expected expected [22012] but found [35114],
Actual premium value not matching for 150 lac with expected expected [23768] but found [37915],
Actual premium value not matching for 200 lac with expected expected [26664] but found [42537]
at org.testng.asserts.SoftAssert.assertAll(SoftAssert.java:43)
at com.ieasy.tests.DpIndividualPlan.diamondPlanIndividual(DpIndividualPlan.java:357)
at sun.reflect.NativeMethodAccessorImpl.invoke0(Native Method)
at sun.reflect.NativeMethodAccessorImpl.invoke(Unknown Source)
at sun.reflect.DelegatingMethodAccessorImpl.invoke(Unknown Source)
at java.lang.reflect.Method.invoke(Unknown Source)
at org.testng.internal.MethodInvocationHelper.invokeMethod(MethodInvocationHelper.java:124)
at org.testng.internal.Invoker.invokeMethod(Invoker.java:583)
at org.testng.internal.Invoker.invokeTestMethod(Invoker.java:719)
at org.testng.internal.Invoker.invokeTestMethods(Invoker.java:989)
at org.testng.internal.TestMethodWorker.invokeTestMethods(TestMethodWorker.java:125)
at org.testng.internal.TestMethodWorker.run(TestMethodWorker.java:109)
at org.testng.TestRunner.privateRun(TestRunner.java:648)
at org.testng.TestRunner.run(TestRunner.java:505)
at org.testng.SuiteRunner.runTest(SuiteRunner.java:455)
at org.testng.SuiteRunner.runSequentially(SuiteRunner.java:450)
at org.testng.SuiteRunner.privateRun(SuiteRunner.java:415)
at org.testng.SuiteRunner.run(SuiteRunner.java:364)
at org.testng.SuiteRunnerWorker.runSuite(SuiteRunnerWorker.java:52)
at org.testng.SuiteRunnerWorker.run(SuiteRunnerWorker.java:84)
at org.testng.TestNG.runSuitesSequentially(TestNG.java:1208)
at org.testng.TestNG.runSuitesLocally(TestNG.java:1137)
at org.testng.TestNG.runSuites(TestNG.java:1049)
at org.testng.TestNG.run(TestNG.java:1017)
at org.testng.remote.AbstractRemoteTestNG.run(AbstractRemoteTestNG.java:115)
at org.testng.remote.RemoteTestNG.initAndRun(RemoteTestNG.java:251)
at org.testng.remote.RemoteTestNG.main(RemoteTestNG.java:77)
]]>
    </failure>
  </testcase> <!-- diamondPlanIndividual -->
  <testcase name="diamondPlanIndividual" time="209.900" classname="com.ieasy.tests.DpIndividualPlan">
    <failure type="java.lang.AssertionError" message="The following asserts failed:
	Actual premium value not matching with expected expected [5052] but found [7374],
	Actual premium value not matching for 4 lac with expected expected [5927] but found [8610],
	Actual premium value not matching for 5 lac with expected expected [8533] but found [12540],
	Actual premium value not matching for 7 lac with expected expected [9680] but found [14147],
	Actual premium value not matching for 10 lac with expected expected [10784] but found [15687],
	Actual premium value not matching for 15 lac with expected expected [14160] but found [21812],
	Actual premium value not matching for 20 lac with expected expected [14960] but found [23810],
	Actual premium value not matching for 25 lac with expected expected [15740] but found [24850],
	Actual premium value not matching for 30 lac with expected expected [18046] but found [28445],
	Actual premium value not matching for 40 lac with expected expected [22343] but found [35061],
	Actual premium value not matching for 50 lac with expected expected [24761] but found [40389],
	Actual premium value not matching for 75 lac with expected expected [27508] but found [44870],
	Actual premium value not matching for 100 lac with expected expected [30254] but found [49350],
	Actual premium value not matching for 150 lac with expected expected [32667] but found [53286],
	Actual premium value not matching for 200 lac with expected expected [36648] but found [59780]">
      <![CDATA[java.lang.AssertionError: The following asserts failed:
Actual premium value not matching with expected expected [5052] but found [7374],
Actual premium value not matching for 4 lac with expected expected [5927] but found [8610],
Actual premium value not matching for 5 lac with expected expected [8533] but found [12540],
Actual premium value not matching for 7 lac with expected expected [9680] but found [14147],
Actual premium value not matching for 10 lac with expected expected [10784] but found [15687],
Actual premium value not matching for 15 lac with expected expected [14160] but found [21812],
Actual premium value not matching for 20 lac with expected expected [14960] but found [23810],
Actual premium value not matching for 25 lac with expected expected [15740] but found [24850],
Actual premium value not matching for 30 lac with expected expected [18046] but found [28445],
Actual premium value not matching for 40 lac with expected expected [22343] but found [35061],
Actual premium value not matching for 50 lac with expected expected [24761] but found [40389],
Actual premium value not matching for 75 lac with expected expected [27508] but found [44870],
Actual premium value not matching for 100 lac with expected expected [30254] but found [49350],
Actual premium value not matching for 150 lac with expected expected [32667] but found [53286],
Actual premium value not matching for 200 lac with expected expected [36648] but found [59780]
at org.testng.asserts.SoftAssert.assertAll(SoftAssert.java:43)
at com.ieasy.tests.DpIndividualPlan.diamondPlanIndividual(DpIndividualPlan.java:357)
at sun.reflect.NativeMethodAccessorImpl.invoke0(Native Method)
at sun.reflect.NativeMethodAccessorImpl.invoke(Unknown Source)
at sun.reflect.DelegatingMethodAccessorImpl.invoke(Unknown Source)
at java.lang.reflect.Method.invoke(Unknown Source)
at org.testng.internal.MethodInvocationHelper.invokeMethod(MethodInvocationHelper.java:124)
at org.testng.internal.Invoker.invokeMethod(Invoker.java:583)
at org.testng.internal.Invoker.invokeTestMethod(Invoker.java:719)
at org.testng.internal.Invoker.invokeTestMethods(Invoker.java:989)
at org.testng.internal.TestMethodWorker.invokeTestMethods(TestMethodWorker.java:125)
at org.testng.internal.TestMethodWorker.run(TestMethodWorker.java:109)
at org.testng.TestRunner.privateRun(TestRunner.java:648)
at org.testng.TestRunner.run(TestRunner.java:505)
at org.testng.SuiteRunner.runTest(SuiteRunner.java:455)
at org.testng.SuiteRunner.runSequentially(SuiteRunner.java:450)
at org.testng.SuiteRunner.privateRun(SuiteRunner.java:415)
at org.testng.SuiteRunner.run(SuiteRunner.java:364)
at org.testng.SuiteRunnerWorker.runSuite(SuiteRunnerWorker.java:52)
at org.testng.SuiteRunnerWorker.run(SuiteRunnerWorker.java:84)
at org.testng.TestNG.runSuitesSequentially(TestNG.java:1208)
at org.testng.TestNG.runSuitesLocally(TestNG.java:1137)
at org.testng.TestNG.runSuites(TestNG.java:1049)
at org.testng.TestNG.run(TestNG.java:1017)
at org.testng.remote.AbstractRemoteTestNG.run(AbstractRemoteTestNG.java:115)
at org.testng.remote.RemoteTestNG.initAndRun(RemoteTestNG.java:251)
at org.testng.remote.RemoteTestNG.main(RemoteTestNG.java:77)
]]>
    </failure>
  </testcase> <!-- diamondPlanIndividual -->
  <testcase name="diamondPlanIndividual" time="143.995" classname="com.ieasy.tests.DpIndividualPlan">
    <failure type="java.lang.AssertionError" message="The following asserts failed:
	Actual premium value not matching with expected expected [32286] but found [55232],
	Actual premium value not matching for 4 lac with expected expected [38595] but found [65992],
	Actual premium value not matching for 5 lac with expected expected [55049] but found [94123],
	Actual premium value not matching for 7 lac with expected expected [63928] but found [107880],
	Actual premium value not matching for 10 lac with expected expected [71595] but found [115739],
	Actual premium value not matching for 15 lac with expected expected [86021] but found [147100],
	Actual premium value not matching for 20 lac with expected expected [92608] but found [153702],
	Actual premium value not matching for 25 lac with expected expected [98051] but found [158076],
	Actual premium value not matching for 30 lac with expected expected [117021] but found [200836],
	Actual premium value not matching for 40 lac with expected expected [148776] but found [255402],
	Actual premium value not matching for 50 lac with expected expected [160748] but found [279924],
	Actual premium value not matching for 75 lac with expected expected [178581] but found [310978],
	Actual premium value not matching for 100 lac with expected expected [196413] but found [342031],
	Actual premium value not matching for 150 lac with expected expected [212077] but found [369308],
	Actual premium value not matching for 200 lac with expected expected [237921] but found [414313]">
      <![CDATA[java.lang.AssertionError: The following asserts failed:
Actual premium value not matching with expected expected [32286] but found [55232],
Actual premium value not matching for 4 lac with expected expected [38595] but found [65992],
Actual premium value not matching for 5 lac with expected expected [55049] but found [94123],
Actual premium value not matching for 7 lac with expected expected [63928] but found [107880],
Actual premium value not matching for 10 lac with expected expected [71595] but found [115739],
Actual premium value not matching for 15 lac with expected expected [86021] but found [147100],
Actual premium value not matching for 20 lac with expected expected [92608] but found [153702],
Actual premium value not matching for 25 lac with expected expected [98051] but found [158076],
Actual premium value not matching for 30 lac with expected expected [117021] but found [200836],
Actual premium value not matching for 40 lac with expected expected [148776] but found [255402],
Actual premium value not matching for 50 lac with expected expected [160748] but found [279924],
Actual premium value not matching for 75 lac with expected expected [178581] but found [310978],
Actual premium value not matching for 100 lac with expected expected [196413] but found [342031],
Actual premium value not matching for 150 lac with expected expected [212077] but found [369308],
Actual premium value not matching for 200 lac with expected expected [237921] but found [414313]
at org.testng.asserts.SoftAssert.assertAll(SoftAssert.java:43)
at com.ieasy.tests.DpIndividualPlan.diamondPlanIndividual(DpIndividualPlan.java:357)
at sun.reflect.NativeMethodAccessorImpl.invoke0(Native Method)
at sun.reflect.NativeMethodAccessorImpl.invoke(Unknown Source)
at sun.reflect.DelegatingMethodAccessorImpl.invoke(Unknown Source)
at java.lang.reflect.Method.invoke(Unknown Source)
at org.testng.internal.MethodInvocationHelper.invokeMethod(MethodInvocationHelper.java:124)
at org.testng.internal.Invoker.invokeMethod(Invoker.java:583)
at org.testng.internal.Invoker.invokeTestMethod(Invoker.java:719)
at org.testng.internal.Invoker.invokeTestMethods(Invoker.java:989)
at org.testng.internal.TestMethodWorker.invokeTestMethods(TestMethodWorker.java:125)
at org.testng.internal.TestMethodWorker.run(TestMethodWorker.java:109)
at org.testng.TestRunner.privateRun(TestRunner.java:648)
at org.testng.TestRunner.run(TestRunner.java:505)
at org.testng.SuiteRunner.runTest(SuiteRunner.java:455)
at org.testng.SuiteRunner.runSequentially(SuiteRunner.java:450)
at org.testng.SuiteRunner.privateRun(SuiteRunner.java:415)
at org.testng.SuiteRunner.run(SuiteRunner.java:364)
at org.testng.SuiteRunnerWorker.runSuite(SuiteRunnerWorker.java:52)
at org.testng.SuiteRunnerWorker.run(SuiteRunnerWorker.java:84)
at org.testng.TestNG.runSuitesSequentially(TestNG.java:1208)
at org.testng.TestNG.runSuitesLocally(TestNG.java:1137)
at org.testng.TestNG.runSuites(TestNG.java:1049)
at org.testng.TestNG.run(TestNG.java:1017)
at org.testng.remote.AbstractRemoteTestNG.run(AbstractRemoteTestNG.java:115)
at org.testng.remote.RemoteTestNG.initAndRun(RemoteTestNG.java:251)
at org.testng.remote.RemoteTestNG.main(RemoteTestNG.java:77)
]]>
    </failure>
  </testcase> <!-- diamondPlanIndividual -->
  <testcase name="diamondPlanIndividual" time="220.770" classname="com.ieasy.tests.DpIndividualPlan">
    <failure type="java.lang.AssertionError" message="The following asserts failed:
	Actual premium value not matching with expected expected [8616] but found [14040],
	Actual premium value not matching for 4 lac with expected expected [10143] but found [16479],
	Actual premium value not matching for 5 lac with expected expected [14459] but found [23545],
	Actual premium value not matching for 7 lac with expected expected [16819] but found [27442],
	Actual premium value not matching for 10 lac with expected expected [18771] but found [30537],
	Actual premium value not matching for 15 lac with expected expected [22740] but found [37640],
	Actual premium value not matching for 20 lac with expected expected [24185] but found [39956],
	Actual premium value not matching for 25 lac with expected expected [25619] but found [42029],
	Actual premium value not matching for 30 lac with expected expected [29683] but found [48789],
	Actual premium value not matching for 40 lac with expected expected [38213] but found [63097],
	Actual premium value not matching for 50 lac with expected expected [47829] but found [79152],
	Actual premium value not matching for 75 lac with expected expected [53135] but found [87934],
	Actual premium value not matching for 100 lac with expected expected [58441] but found [96714],
	Actual premium value not matching for 150 lac with expected expected [63101] but found [104425],
	Actual premium value not matching for 200 lac with expected expected [70791] but found [117152]">
      <![CDATA[java.lang.AssertionError: The following asserts failed:
Actual premium value not matching with expected expected [8616] but found [14040],
Actual premium value not matching for 4 lac with expected expected [10143] but found [16479],
Actual premium value not matching for 5 lac with expected expected [14459] but found [23545],
Actual premium value not matching for 7 lac with expected expected [16819] but found [27442],
Actual premium value not matching for 10 lac with expected expected [18771] but found [30537],
Actual premium value not matching for 15 lac with expected expected [22740] but found [37640],
Actual premium value not matching for 20 lac with expected expected [24185] but found [39956],
Actual premium value not matching for 25 lac with expected expected [25619] but found [42029],
Actual premium value not matching for 30 lac with expected expected [29683] but found [48789],
Actual premium value not matching for 40 lac with expected expected [38213] but found [63097],
Actual premium value not matching for 50 lac with expected expected [47829] but found [79152],
Actual premium value not matching for 75 lac with expected expected [53135] but found [87934],
Actual premium value not matching for 100 lac with expected expected [58441] but found [96714],
Actual premium value not matching for 150 lac with expected expected [63101] but found [104425],
Actual premium value not matching for 200 lac with expected expected [70791] but found [117152]
at org.testng.asserts.SoftAssert.assertAll(SoftAssert.java:43)
at com.ieasy.tests.DpIndividualPlan.diamondPlanIndividual(DpIndividualPlan.java:357)
at sun.reflect.NativeMethodAccessorImpl.invoke0(Native Method)
at sun.reflect.NativeMethodAccessorImpl.invoke(Unknown Source)
at sun.reflect.DelegatingMethodAccessorImpl.invoke(Unknown Source)
at java.lang.reflect.Method.invoke(Unknown Source)
at org.testng.internal.MethodInvocationHelper.invokeMethod(MethodInvocationHelper.java:124)
at org.testng.internal.Invoker.invokeMethod(Invoker.java:583)
at org.testng.internal.Invoker.invokeTestMethod(Invoker.java:719)
at org.testng.internal.Invoker.invokeTestMethods(Invoker.java:989)
at org.testng.internal.TestMethodWorker.invokeTestMethods(TestMethodWorker.java:125)
at org.testng.internal.TestMethodWorker.run(TestMethodWorker.java:109)
at org.testng.TestRunner.privateRun(TestRunner.java:648)
at org.testng.TestRunner.run(TestRunner.java:505)
at org.testng.SuiteRunner.runTest(SuiteRunner.java:455)
at org.testng.SuiteRunner.runSequentially(SuiteRunner.java:450)
at org.testng.SuiteRunner.privateRun(SuiteRunner.java:415)
at org.testng.SuiteRunner.run(SuiteRunner.java:364)
at org.testng.SuiteRunnerWorker.runSuite(SuiteRunnerWorker.java:52)
at org.testng.SuiteRunnerWorker.run(SuiteRunnerWorker.java:84)
at org.testng.TestNG.runSuitesSequentially(TestNG.java:1208)
at org.testng.TestNG.runSuitesLocally(TestNG.java:1137)
at org.testng.TestNG.runSuites(TestNG.java:1049)
at org.testng.TestNG.run(TestNG.java:1017)
at org.testng.remote.AbstractRemoteTestNG.run(AbstractRemoteTestNG.java:115)
at org.testng.remote.RemoteTestNG.initAndRun(RemoteTestNG.java:251)
at org.testng.remote.RemoteTestNG.main(RemoteTestNG.java:77)
]]>
    </failure>
  </testcase> <!-- diamondPlanIndividual -->
  <testcase name="diamondPlanIndividual" time="220.284" classname="com.ieasy.tests.DpIndividualPlan">
    <failure type="java.lang.AssertionError" message="The following asserts failed:
	Actual premium value not matching with expected expected [11058] but found [17639],
	Actual premium value not matching for 4 lac with expected expected [13070] but found [20798],
	Actual premium value not matching for 5 lac with expected expected [18638] but found [29968],
	Actual premium value not matching for 7 lac with expected expected [21659] but found [34875],
	Actual premium value not matching for 10 lac with expected expected [24264] but found [38979],
	Actual premium value not matching for 15 lac with expected expected [29213] but found [47673],
	Actual premium value not matching for 20 lac with expected expected [31158] but found [50771],
	Actual premium value not matching for 25 lac with expected expected [32730] but found [53105],
	Actual premium value not matching for 30 lac with expected expected [38079] but found [61945],
	Actual premium value not matching for 40 lac with expected expected [48828] but found [79704],
	Actual premium value not matching for 50 lac with expected expected [61858] but found [102929],
	Actual premium value not matching for 75 lac with expected expected [68721] but found [114348],
	Actual premium value not matching for 100 lac with expected expected [75583] but found [125766],
	Actual premium value not matching for 150 lac with expected expected [81610] but found [135796],
	Actual premium value not matching for 200 lac with expected expected [91555] but found [152344]">
      <![CDATA[java.lang.AssertionError: The following asserts failed:
Actual premium value not matching with expected expected [11058] but found [17639],
Actual premium value not matching for 4 lac with expected expected [13070] but found [20798],
Actual premium value not matching for 5 lac with expected expected [18638] but found [29968],
Actual premium value not matching for 7 lac with expected expected [21659] but found [34875],
Actual premium value not matching for 10 lac with expected expected [24264] but found [38979],
Actual premium value not matching for 15 lac with expected expected [29213] but found [47673],
Actual premium value not matching for 20 lac with expected expected [31158] but found [50771],
Actual premium value not matching for 25 lac with expected expected [32730] but found [53105],
Actual premium value not matching for 30 lac with expected expected [38079] but found [61945],
Actual premium value not matching for 40 lac with expected expected [48828] but found [79704],
Actual premium value not matching for 50 lac with expected expected [61858] but found [102929],
Actual premium value not matching for 75 lac with expected expected [68721] but found [114348],
Actual premium value not matching for 100 lac with expected expected [75583] but found [125766],
Actual premium value not matching for 150 lac with expected expected [81610] but found [135796],
Actual premium value not matching for 200 lac with expected expected [91555] but found [152344]
at org.testng.asserts.SoftAssert.assertAll(SoftAssert.java:43)
at com.ieasy.tests.DpIndividualPlan.diamondPlanIndividual(DpIndividualPlan.java:357)
at sun.reflect.NativeMethodAccessorImpl.invoke0(Native Method)
at sun.reflect.NativeMethodAccessorImpl.invoke(Unknown Source)
at sun.reflect.DelegatingMethodAccessorImpl.invoke(Unknown Source)
at java.lang.reflect.Method.invoke(Unknown Source)
at org.testng.internal.MethodInvocationHelper.invokeMethod(MethodInvocationHelper.java:124)
at org.testng.internal.Invoker.invokeMethod(Invoker.java:583)
at org.testng.internal.Invoker.invokeTestMethod(Invoker.java:719)
at org.testng.internal.Invoker.invokeTestMethods(Invoker.java:989)
at org.testng.internal.TestMethodWorker.invokeTestMethods(TestMethodWorker.java:125)
at org.testng.internal.TestMethodWorker.run(TestMethodWorker.java:109)
at org.testng.TestRunner.privateRun(TestRunner.java:648)
at org.testng.TestRunner.run(TestRunner.java:505)
at org.testng.SuiteRunner.runTest(SuiteRunner.java:455)
at org.testng.SuiteRunner.runSequentially(SuiteRunner.java:450)
at org.testng.SuiteRunner.privateRun(SuiteRunner.java:415)
at org.testng.SuiteRunner.run(SuiteRunner.java:364)
at org.testng.SuiteRunnerWorker.runSuite(SuiteRunnerWorker.java:52)
at org.testng.SuiteRunnerWorker.run(SuiteRunnerWorker.java:84)
at org.testng.TestNG.runSuitesSequentially(TestNG.java:1208)
at org.testng.TestNG.runSuitesLocally(TestNG.java:1137)
at org.testng.TestNG.runSuites(TestNG.java:1049)
at org.testng.TestNG.run(TestNG.java:1017)
at org.testng.remote.AbstractRemoteTestNG.run(AbstractRemoteTestNG.java:115)
at org.testng.remote.RemoteTestNG.initAndRun(RemoteTestNG.java:251)
at org.testng.remote.RemoteTestNG.main(RemoteTestNG.java:77)
]]>
    </failure>
  </testcase> <!-- diamondPlanIndividual -->
  <testcase name="diamondPlanIndividual" time="220.779" classname="com.ieasy.tests.DpIndividualPlan">
    <failure type="java.lang.AssertionError" message="The following asserts failed:
	Actual premium value not matching with expected expected [13161] but found [20751],
	Actual premium value not matching for 4 lac with expected expected [15621] but found [24591],
	Actual premium value not matching for 5 lac with expected expected [22265] but found [33049],
	Actual premium value not matching for 7 lac with expected expected [25841] but found [40843],
	Actual premium value not matching for 10 lac with expected expected [28392] but found [45869],
	Actual premium value not matching for 15 lac with expected expected [34751] but found [55617],
	Actual premium value not matching for 20 lac with expected expected [37183] but found [59443],
	Actual premium value not matching for 25 lac with expected expected [38317] but found [62064],
	Actual premium value not matching for 30 lac with expected expected [45632] but found [72791],
	Actual premium value not matching for 40 lac with expected expected [58240] but found [93123],
	Actual premium value not matching for 50 lac with expected expected [71750] but found [117405],
	Actual premium value not matching for 75 lac with expected expected [79710] but found [130430],
	Actual premium value not matching for 100 lac with expected expected [87669] but found [143454],
	Actual premium value not matching for 150 lac with expected expected [94661] but found [154894],
	Actual premium value not matching for 200 lac with expected expected [106196] but found [173770]">
      <![CDATA[java.lang.AssertionError: The following asserts failed:
Actual premium value not matching with expected expected [13161] but found [20751],
Actual premium value not matching for 4 lac with expected expected [15621] but found [24591],
Actual premium value not matching for 5 lac with expected expected [22265] but found [33049],
Actual premium value not matching for 7 lac with expected expected [25841] but found [40843],
Actual premium value not matching for 10 lac with expected expected [28392] but found [45869],
Actual premium value not matching for 15 lac with expected expected [34751] but found [55617],
Actual premium value not matching for 20 lac with expected expected [37183] but found [59443],
Actual premium value not matching for 25 lac with expected expected [38317] but found [62064],
Actual premium value not matching for 30 lac with expected expected [45632] but found [72791],
Actual premium value not matching for 40 lac with expected expected [58240] but found [93123],
Actual premium value not matching for 50 lac with expected expected [71750] but found [117405],
Actual premium value not matching for 75 lac with expected expected [79710] but found [130430],
Actual premium value not matching for 100 lac with expected expected [87669] but found [143454],
Actual premium value not matching for 150 lac with expected expected [94661] but found [154894],
Actual premium value not matching for 200 lac with expected expected [106196] but found [173770]
at org.testng.asserts.SoftAssert.assertAll(SoftAssert.java:43)
at com.ieasy.tests.DpIndividualPlan.diamondPlanIndividual(DpIndividualPlan.java:357)
at sun.reflect.NativeMethodAccessorImpl.invoke0(Native Method)
at sun.reflect.NativeMethodAccessorImpl.invoke(Unknown Source)
at sun.reflect.DelegatingMethodAccessorImpl.invoke(Unknown Source)
at java.lang.reflect.Method.invoke(Unknown Source)
at org.testng.internal.MethodInvocationHelper.invokeMethod(MethodInvocationHelper.java:124)
at org.testng.internal.Invoker.invokeMethod(Invoker.java:583)
at org.testng.internal.Invoker.invokeTestMethod(Invoker.java:719)
at org.testng.internal.Invoker.invokeTestMethods(Invoker.java:989)
at org.testng.internal.TestMethodWorker.invokeTestMethods(TestMethodWorker.java:125)
at org.testng.internal.TestMethodWorker.run(TestMethodWorker.java:109)
at org.testng.TestRunner.privateRun(TestRunner.java:648)
at org.testng.TestRunner.run(TestRunner.java:505)
at org.testng.SuiteRunner.runTest(SuiteRunner.java:455)
at org.testng.SuiteRunner.runSequentially(SuiteRunner.java:450)
at org.testng.SuiteRunner.privateRun(SuiteRunner.java:415)
at org.testng.SuiteRunner.run(SuiteRunner.java:364)
at org.testng.SuiteRunnerWorker.runSuite(SuiteRunnerWorker.java:52)
at org.testng.SuiteRunnerWorker.run(SuiteRunnerWorker.java:84)
at org.testng.TestNG.runSuitesSequentially(TestNG.java:1208)
at org.testng.TestNG.runSuitesLocally(TestNG.java:1137)
at org.testng.TestNG.runSuites(TestNG.java:1049)
at org.testng.TestNG.run(TestNG.java:1017)
at org.testng.remote.AbstractRemoteTestNG.run(AbstractRemoteTestNG.java:115)
at org.testng.remote.RemoteTestNG.initAndRun(RemoteTestNG.java:251)
at org.testng.remote.RemoteTestNG.main(RemoteTestNG.java:77)
]]>
    </failure>
  </testcase> <!-- diamondPlanIndividual -->
  <testcase name="diamondPlanIndividual" time="220.338" classname="com.ieasy.tests.DpIndividualPlan">
    <failure type="java.lang.AssertionError" message="The following asserts failed:
	Actual premium value not matching with expected expected [7364] but found [11720],
	Actual premium value not matching for 4 lac with expected expected [8640] but found [13694],
	Actual premium value not matching for 5 lac with expected expected [12299] but found [19084],
	Actual premium value not matching for 7 lac with expected expected [14317] but found [22854],
	Actual premium value not matching for 10 lac with expected expected [15930] but found [25323],
	Actual premium value not matching for 15 lac with expected expected [19389] but found [31386],
	Actual premium value not matching for 20 lac with expected expected [20572] but found [33556],
	Actual premium value not matching for 25 lac with expected expected [21737] but found [35185],
	Actual premium value not matching for 30 lac with expected expected [25096] but found [40650],
	Actual premium value not matching for 40 lac with expected expected [32409] but found [52847],
	Actual premium value not matching for 50 lac with expected expected [36869] but found [60595],
	Actual premium value not matching for 75 lac with expected expected [40959] but found [67318],
	Actual premium value not matching for 100 lac with expected expected [45049] but found [74039],
	Actual premium value not matching for 150 lac with expected expected [48642] but found [79944],
	Actual premium value not matching for 200 lac with expected expected [54569] but found [89686]">
      <![CDATA[java.lang.AssertionError: The following asserts failed:
Actual premium value not matching with expected expected [7364] but found [11720],
Actual premium value not matching for 4 lac with expected expected [8640] but found [13694],
Actual premium value not matching for 5 lac with expected expected [12299] but found [19084],
Actual premium value not matching for 7 lac with expected expected [14317] but found [22854],
Actual premium value not matching for 10 lac with expected expected [15930] but found [25323],
Actual premium value not matching for 15 lac with expected expected [19389] but found [31386],
Actual premium value not matching for 20 lac with expected expected [20572] but found [33556],
Actual premium value not matching for 25 lac with expected expected [21737] but found [35185],
Actual premium value not matching for 30 lac with expected expected [25096] but found [40650],
Actual premium value not matching for 40 lac with expected expected [32409] but found [52847],
Actual premium value not matching for 50 lac with expected expected [36869] but found [60595],
Actual premium value not matching for 75 lac with expected expected [40959] but found [67318],
Actual premium value not matching for 100 lac with expected expected [45049] but found [74039],
Actual premium value not matching for 150 lac with expected expected [48642] but found [79944],
Actual premium value not matching for 200 lac with expected expected [54569] but found [89686]
at org.testng.asserts.SoftAssert.assertAll(SoftAssert.java:43)
at com.ieasy.tests.DpIndividualPlan.diamondPlanIndividual(DpIndividualPlan.java:357)
at sun.reflect.NativeMethodAccessorImpl.invoke0(Native Method)
at sun.reflect.NativeMethodAccessorImpl.invoke(Unknown Source)
at sun.reflect.DelegatingMethodAccessorImpl.invoke(Unknown Source)
at java.lang.reflect.Method.invoke(Unknown Source)
at org.testng.internal.MethodInvocationHelper.invokeMethod(MethodInvocationHelper.java:124)
at org.testng.internal.Invoker.invokeMethod(Invoker.java:583)
at org.testng.internal.Invoker.invokeTestMethod(Invoker.java:719)
at org.testng.internal.Invoker.invokeTestMethods(Invoker.java:989)
at org.testng.internal.TestMethodWorker.invokeTestMethods(TestMethodWorker.java:125)
at org.testng.internal.TestMethodWorker.run(TestMethodWorker.java:109)
at org.testng.TestRunner.privateRun(TestRunner.java:648)
at org.testng.TestRunner.run(TestRunner.java:505)
at org.testng.SuiteRunner.runTest(SuiteRunner.java:455)
at org.testng.SuiteRunner.runSequentially(SuiteRunner.java:450)
at org.testng.SuiteRunner.privateRun(SuiteRunner.java:415)
at org.testng.SuiteRunner.run(SuiteRunner.java:364)
at org.testng.SuiteRunnerWorker.runSuite(SuiteRunnerWorker.java:52)
at org.testng.SuiteRunnerWorker.run(SuiteRunnerWorker.java:84)
at org.testng.TestNG.runSuitesSequentially(TestNG.java:1208)
at org.testng.TestNG.runSuitesLocally(TestNG.java:1137)
at org.testng.TestNG.runSuites(TestNG.java:1049)
at org.testng.TestNG.run(TestNG.java:1017)
at org.testng.remote.AbstractRemoteTestNG.run(AbstractRemoteTestNG.java:115)
at org.testng.remote.RemoteTestNG.initAndRun(RemoteTestNG.java:251)
at org.testng.remote.RemoteTestNG.main(RemoteTestNG.java:77)
]]>
    </failure>
  </testcase> <!-- diamondPlanIndividual -->
  <testcase name="diamondPlanIndividual" time="220.302" classname="com.ieasy.tests.DpIndividualPlan">
    <failure type="java.lang.AssertionError" message="The following asserts failed:
	Actual premium value not matching with expected expected [2774] but found [4329],
	Actual premium value not matching for 4 lac with expected expected [3240] but found [4863],
	Actual premium value not matching for 5 lac with expected expected [4567] but found [7166],
	Actual premium value not matching for 7 lac with expected expected [5190] but found [8626],
	Actual premium value not matching for 10 lac with expected expected [5732] but found [9447],
	Actual premium value not matching for 15 lac with expected expected [7356] but found [13234],
	Actual premium value not matching for 20 lac with expected expected [7840] but found [14007],
	Actual premium value not matching for 25 lac with expected expected [8290] but found [14706],
	Actual premium value not matching for 30 lac with expected expected [9374] but found [16684],
	Actual premium value not matching for 40 lac with expected expected [11683] but found [20777],
	Actual premium value not matching for 50 lac with expected expected [12947] but found [23025],
	Actual premium value not matching for 75 lac with expected expected [14383] but found [25580],
	Actual premium value not matching for 100 lac with expected expected [15819] but found [28134],
	Actual premium value not matching for 150 lac with expected expected [17081] but found [30377],
	Actual premium value not matching for 200 lac with expected expected [19162] but found [34078]">
      <![CDATA[java.lang.AssertionError: The following asserts failed:
Actual premium value not matching with expected expected [2774] but found [4329],
Actual premium value not matching for 4 lac with expected expected [3240] but found [4863],
Actual premium value not matching for 5 lac with expected expected [4567] but found [7166],
Actual premium value not matching for 7 lac with expected expected [5190] but found [8626],
Actual premium value not matching for 10 lac with expected expected [5732] but found [9447],
Actual premium value not matching for 15 lac with expected expected [7356] but found [13234],
Actual premium value not matching for 20 lac with expected expected [7840] but found [14007],
Actual premium value not matching for 25 lac with expected expected [8290] but found [14706],
Actual premium value not matching for 30 lac with expected expected [9374] but found [16684],
Actual premium value not matching for 40 lac with expected expected [11683] but found [20777],
Actual premium value not matching for 50 lac with expected expected [12947] but found [23025],
Actual premium value not matching for 75 lac with expected expected [14383] but found [25580],
Actual premium value not matching for 100 lac with expected expected [15819] but found [28134],
Actual premium value not matching for 150 lac with expected expected [17081] but found [30377],
Actual premium value not matching for 200 lac with expected expected [19162] but found [34078]
at org.testng.asserts.SoftAssert.assertAll(SoftAssert.java:43)
at com.ieasy.tests.DpIndividualPlan.diamondPlanIndividual(DpIndividualPlan.java:357)
at sun.reflect.NativeMethodAccessorImpl.invoke0(Native Method)
at sun.reflect.NativeMethodAccessorImpl.invoke(Unknown Source)
at sun.reflect.DelegatingMethodAccessorImpl.invoke(Unknown Source)
at java.lang.reflect.Method.invoke(Unknown Source)
at org.testng.internal.MethodInvocationHelper.invokeMethod(MethodInvocationHelper.java:124)
at org.testng.internal.Invoker.invokeMethod(Invoker.java:583)
at org.testng.internal.Invoker.invokeTestMethod(Invoker.java:719)
at org.testng.internal.Invoker.invokeTestMethods(Invoker.java:989)
at org.testng.internal.TestMethodWorker.invokeTestMethods(TestMethodWorker.java:125)
at org.testng.internal.TestMethodWorker.run(TestMethodWorker.java:109)
at org.testng.TestRunner.privateRun(TestRunner.java:648)
at org.testng.TestRunner.run(TestRunner.java:505)
at org.testng.SuiteRunner.runTest(SuiteRunner.java:455)
at org.testng.SuiteRunner.runSequentially(SuiteRunner.java:450)
at org.testng.SuiteRunner.privateRun(SuiteRunner.java:415)
at org.testng.SuiteRunner.run(SuiteRunner.java:364)
at org.testng.SuiteRunnerWorker.runSuite(SuiteRunnerWorker.java:52)
at org.testng.SuiteRunnerWorker.run(SuiteRunnerWorker.java:84)
at org.testng.TestNG.runSuitesSequentially(TestNG.java:1208)
at org.testng.TestNG.runSuitesLocally(TestNG.java:1137)
at org.testng.TestNG.runSuites(TestNG.java:1049)
at org.testng.TestNG.run(TestNG.java:1017)
at org.testng.remote.AbstractRemoteTestNG.run(AbstractRemoteTestNG.java:115)
at org.testng.remote.RemoteTestNG.initAndRun(RemoteTestNG.java:251)
at org.testng.remote.RemoteTestNG.main(RemoteTestNG.java:77)
]]>
    </failure>
  </testcase> <!-- diamondPlanIndividual -->
  <testcase name="diamondPlanIndividual" time="144.565" classname="com.ieasy.tests.DpIndividualPlan">
    <failure type="java.lang.AssertionError" message="The following asserts failed:
	Actual premium value not matching with expected expected [25021] but found [42750],
	Actual premium value not matching for 4 lac with expected expected [29853] but found [50976],
	Actual premium value not matching for 5 lac with expected expected [42550] but found [72670],
	Actual premium value not matching for 7 lac with expected expected [49383] but found [84345],
	Actual premium value not matching for 10 lac with expected expected [55844] but found [94710],
	Actual premium value not matching for 15 lac with expected expected [66383] but found [114549],
	Actual premium value not matching for 20 lac with expected expected [71340] but found [123043],
	Actual premium value not matching for 25 lac with expected expected [76371] but found [129001],
	Actual premium value not matching for 30 lac with expected expected [89799] but found [154709],
	Actual premium value not matching for 40 lac with expected expected [114207] but found [196836],
	Actual premium value not matching for 50 lac with expected expected [126631] but found [221210],
	Actual premium value not matching for 75 lac with expected expected [140678] but found [245749],
	Actual premium value not matching for 100 lac with expected expected [154725] but found [270288],
	Actual premium value not matching for 150 lac with expected expected [167064] but found [291845],
	Actual premium value not matching for 200 lac with expected expected [187424] but found [327411]">
      <![CDATA[java.lang.AssertionError: The following asserts failed:
Actual premium value not matching with expected expected [25021] but found [42750],
Actual premium value not matching for 4 lac with expected expected [29853] but found [50976],
Actual premium value not matching for 5 lac with expected expected [42550] but found [72670],
Actual premium value not matching for 7 lac with expected expected [49383] but found [84345],
Actual premium value not matching for 10 lac with expected expected [55844] but found [94710],
Actual premium value not matching for 15 lac with expected expected [66383] but found [114549],
Actual premium value not matching for 20 lac with expected expected [71340] but found [123043],
Actual premium value not matching for 25 lac with expected expected [76371] but found [129001],
Actual premium value not matching for 30 lac with expected expected [89799] but found [154709],
Actual premium value not matching for 40 lac with expected expected [114207] but found [196836],
Actual premium value not matching for 50 lac with expected expected [126631] but found [221210],
Actual premium value not matching for 75 lac with expected expected [140678] but found [245749],
Actual premium value not matching for 100 lac with expected expected [154725] but found [270288],
Actual premium value not matching for 150 lac with expected expected [167064] but found [291845],
Actual premium value not matching for 200 lac with expected expected [187424] but found [327411]
at org.testng.asserts.SoftAssert.assertAll(SoftAssert.java:43)
at com.ieasy.tests.DpIndividualPlan.diamondPlanIndividual(DpIndividualPlan.java:357)
at sun.reflect.NativeMethodAccessorImpl.invoke0(Native Method)
at sun.reflect.NativeMethodAccessorImpl.invoke(Unknown Source)
at sun.reflect.DelegatingMethodAccessorImpl.invoke(Unknown Source)
at java.lang.reflect.Method.invoke(Unknown Source)
at org.testng.internal.MethodInvocationHelper.invokeMethod(MethodInvocationHelper.java:124)
at org.testng.internal.Invoker.invokeMethod(Invoker.java:583)
at org.testng.internal.Invoker.invokeTestMethod(Invoker.java:719)
at org.testng.internal.Invoker.invokeTestMethods(Invoker.java:989)
at org.testng.internal.TestMethodWorker.invokeTestMethods(TestMethodWorker.java:125)
at org.testng.internal.TestMethodWorker.run(TestMethodWorker.java:109)
at org.testng.TestRunner.privateRun(TestRunner.java:648)
at org.testng.TestRunner.run(TestRunner.java:505)
at org.testng.SuiteRunner.runTest(SuiteRunner.java:455)
at org.testng.SuiteRunner.runSequentially(SuiteRunner.java:450)
at org.testng.SuiteRunner.privateRun(SuiteRunner.java:415)
at org.testng.SuiteRunner.run(SuiteRunner.java:364)
at org.testng.SuiteRunnerWorker.runSuite(SuiteRunnerWorker.java:52)
at org.testng.SuiteRunnerWorker.run(SuiteRunnerWorker.java:84)
at org.testng.TestNG.runSuitesSequentially(TestNG.java:1208)
at org.testng.TestNG.runSuitesLocally(TestNG.java:1137)
at org.testng.TestNG.runSuites(TestNG.java:1049)
at org.testng.TestNG.run(TestNG.java:1017)
at org.testng.remote.AbstractRemoteTestNG.run(AbstractRemoteTestNG.java:115)
at org.testng.remote.RemoteTestNG.initAndRun(RemoteTestNG.java:251)
at org.testng.remote.RemoteTestNG.main(RemoteTestNG.java:77)
]]>
    </failure>
  </testcase> <!-- diamondPlanIndividual -->
</testsuite> <!-- com.ieasy.tests.DpIndividualPlan -->
